SF:lib/elements/carossel.dart
DA:10,1
DA:16,1
DA:18,1
DA:19,1
DA:26,1
DA:28,1
DA:29,6
DA:30,1
DA:31,1
DA:32,1
DA:33,2
DA:36,3
DA:37,1
DA:38,1
DA:39,1
DA:42,2
DA:43,1
DA:46,1
DA:49,1
DA:50,3
DA:58,1
DA:59,1
DA:60,1
DA:63,2
DA:64,1
DA:66,4
DA:67,0
DA:68,0
LF:28
LH:26
end_of_record
SF:lib/elements/formulas.dart
DA:4,1
DA:5,1
DA:9,1
DA:10,1
DA:14,1
DA:15,1
DA:19,1
DA:20,1
DA:24,1
DA:26,1
DA:30,1
DA:32,1
DA:36,1
DA:37,1
DA:41,1
DA:42,1
DA:46,1
DA:48,2
DA:52,1
DA:53,1
DA:57,1
DA:58,4
DA:63,1
DA:64,1
DA:65,1
DA:66,1
DA:70,1
DA:71,1
DA:72,1
DA:73,1
DA:74,2
DA:81,1
DA:83,4
DA:86,1
DA:87,2
DA:90,1
DA:94,1
DA:95,2
DA:98,1
DA:102,1
DA:103,2
DA:104,1
DA:105,2
DA:106,1
DA:116,1
DA:118,2
DA:120,1
DA:121,1
DA:122,5
DA:128,1
DA:129,3
DA:135,1
DA:136,2
DA:138,2
DA:139,1
DA:140,2
DA:141,1
DA:142,2
DA:143,1
DA:144,2
DA:145,1
DA:153,1
DA:155,1
DA:156,1
DA:157,1
DA:160,1
DA:164,1
DA:166,2
LF:68
LH:68
end_of_record
SF:lib/elements/slider_and_switch.dart
DA:9,1
DA:14,1
DA:16,1
DA:17,1
DA:23,1
DA:25,1
DA:27,3
DA:30,1
DA:32,1
DA:34,1
DA:35,1
DA:36,2
DA:42,1
DA:44,1
DA:48,3
DA:49,1
DA:50,2
DA:51,1
DA:54,2
DA:55,4
DA:64,0
DA:74,1
DA:79,1
DA:81,1
DA:82,1
DA:88,1
DA:90,1
DA:92,3
DA:95,1
DA:97,1
DA:99,1
DA:100,1
DA:103,1
DA:104,1
DA:105,2
DA:112,1
DA:113,1
DA:114,1
DA:115,2
DA:116,1
DA:119,2
DA:120,4
DA:131,0
LF:43
LH:41
end_of_record
SF:lib/elements/texts_and_buttons.dart
DA:10,3
DA:17,1
DA:19,1
DA:20,1
DA:21,1
DA:22,1
DA:23,1
DA:24,1
DA:32,1
DA:34,1
DA:36,1
DA:37,2
DA:53,1
DA:60,1
DA:62,1
DA:63,1
DA:71,1
DA:73,1
DA:75,4
DA:76,3
DA:79,1
DA:81,2
DA:82,1
DA:85,1
DA:87,1
DA:89,1
DA:90,1
DA:92,1
DA:93,1
DA:95,2
DA:98,1
DA:99,1
DA:101,2
DA:102,4
DA:108,1
DA:109,1
DA:110,1
DA:111,4
DA:112,1
DA:114,1
DA:116,1
DA:117,1
DA:118,2
DA:119,1
DA:122,2
DA:123,6
DA:133,0
DA:134,0
DA:135,0
DA:139,1
DA:140,1
DA:141,1
DA:142,1
DA:146,1
DA:147,1
DA:148,1
DA:149,1
DA:150,1
DA:151,1
DA:152,1
DA:156,1
DA:157,1
DA:158,1
DA:159,1
DA:163,1
DA:164,1
DA:165,1
DA:166,1
DA:170,1
DA:172,1
DA:173,1
DA:174,3
DA:175,2
DA:177,1
DA:180,1
DA:183,1
DA:186,1
DA:187,1
DA:190,1
DA:193,1
DA:196,1
DA:197,1
DA:206,1
DA:212,1
DA:214,1
DA:215,1
DA:221,1
DA:222,2
DA:223,3
DA:225,3
DA:228,1
DA:230,1
DA:232,1
DA:233,1
DA:234,1
DA:236,1
DA:237,1
DA:244,1
DA:245,1
DA:246,1
DA:247,1
DA:248,2
DA:250,1
DA:251,1
DA:254,1
DA:255,2
DA:270,1
DA:274,1
DA:276,1
DA:278,1
DA:279,1
DA:282,1
DA:285,1
DA:286,1
DA:287,1
DA:289,2
DA:303,1
DA:308,1
DA:310,1
DA:312,1
DA:313,2
DA:314,1
DA:315,1
DA:316,2
DA:330,1
DA:337,1
DA:338,1
DA:344,1
DA:346,1
DA:348,4
DA:351,1
DA:354,2
DA:355,1
DA:358,1
DA:360,1
DA:361,1
DA:363,1
DA:365,2
DA:370,1
DA:373,1
DA:374,1
DA:393,1
DA:394,2
DA:395,3
DA:404,0
DA:411,1
DA:415,1
DA:417,1
DA:418,1
DA:426,1
DA:427,2
DA:429,2
DA:430,7
DA:432,4
DA:436,1
DA:438,3
DA:439,1
DA:442,1
DA:443,1
DA:444,1
DA:454,1
DA:457,1
DA:458,1
DA:473,1
DA:479,1
DA:488,1
DA:489,3
LF:167
LH:163
end_of_record
SF:lib/elements/bottom_who_message.dart
DA:6,1
DA:10,1
DA:12,3
DA:13,1
DA:15,1
DA:16,1
DA:18,1
DA:19,1
DA:21,1
DA:22,1
DA:23,1
DA:25,1
DA:27,1
DA:30,1
DA:32,1
DA:34,1
DA:38,1
DA:40,1
DA:42,1
LF:19
LH:19
end_of_record
SF:lib/elements/mec_or_nat.dart
DA:8,1
DA:12,1
DA:14,1
DA:15,1
DA:59,1
DA:61,1
DA:63,3
DA:64,4
DA:67,1
DA:69,3
DA:71,1
DA:72,1
DA:73,1
DA:74,1
DA:75,2
DA:77,4
DA:78,3
DA:81,2
DA:84,2
DA:85,4
DA:94,1
DA:95,1
DA:96,1
DA:98,1
DA:99,1
DA:105,0
LF:26
LH:25
end_of_record
SF:lib/elements/upper_navigation_bar.dart
DA:8,1
DA:14,1
DA:17,1
DA:19,1
DA:20,1
DA:22,1
DA:24,1
DA:25,1
DA:26,1
DA:33,1
DA:34,1
DA:36,1
LF:12
LH:12
end_of_record
